2025/08/26 13:23:47 Error: key is of invalid type: HMAC sign expects []byte | Path: /api/user/login | Method: POST
2025/08/26 13:30:03 Error: sql: Scan error on column index 2, name "user_id": converting driver.Value type []uint8 ("eyJhbGciOiJIUzI1NiIsInR5cCI6IkpXVCJ9.eyJVc2VySUQiOiIxIiwiZXhwIjoxNzU1MTUxNTExLCJuYmYiOjE3NTUwNjUxMTEsImlhdCI6MTc1NTA2NTExMX0.imzjyq43dc4m3K73mj5XpMOHmjMUsuy8r-z616EFZVo") to a int: invalid syntax; sql: Scan error on column index 2, name "user_id": converting driver.Value type []uint8 ("eyJhbGciOiJIUzI1NiIsInR5cCI6IkpXVCJ9.eyJVc2VySUQiOiIxIiwiZXhwIjoxNzU1MTUxNTExLCJuYmYiOjE3NTUwNjUxMTEsImlhdCI6MTc1NTA2NTExMX0.imzjyq43dc4m3K73mj5XpMOHmjMUsuy8r-z616EFZVo") to a int: invalid syntax | Path: /api/student/post | Method: GET
2025/08/26 13:31:58 Error: sql: Scan error on column index 2, name "user_id": converting driver.Value type []uint8 ("eyJhbGciOiJIUzI1NiIsInR5cCI6IkpXVCJ9.eyJVc2VySUQiOiIxIiwiZXhwIjoxNzU1MTUxNTExLCJuYmYiOjE3NTUwNjUxMTEsImlhdCI6MTc1NTA2NTExMX0.imzjyq43dc4m3K73mj5XpMOHmjMUsuy8r-z616EFZVo") to a int: invalid syntax; sql: Scan error on column index 2, name "user_id": converting driver.Value type []uint8 ("eyJhbGciOiJIUzI1NiIsInR5cCI6IkpXVCJ9.eyJVc2VySUQiOiIxIiwiZXhwIjoxNzU1MTUxNTExLCJuYmYiOjE3NTUwNjUxMTEsImlhdCI6MTc1NTA2NTExMX0.imzjyq43dc4m3K73mj5XpMOHmjMUsuy8r-z616EFZVo") to a int: invalid syntax | Path: /api/student/post | Method: GET
2025/08/26 13:34:12 Error: token is unverifiable | Path: /api/student/post | Method: POST
2025/08/26 13:39:12 Error: sql: Scan error on column index 2, name "user_id": converting driver.Value type []uint8 ("eyJhbGciOiJIUzI1NiIsInR5cCI6IkpXVCJ9.eyJVc2VySUQiOiIxIiwiZXhwIjoxNzU1MTUxNTExLCJuYmYiOjE3NTUwNjUxMTEsImlhdCI6MTc1NTA2NTExMX0.imzjyq43dc4m3K73mj5XpMOHmjMUsuy8r-z616EFZVo") to a int: invalid syntax; sql: Scan error on column index 2, name "user_id": converting driver.Value type []uint8 ("eyJhbGciOiJIUzI1NiIsInR5cCI6IkpXVCJ9.eyJVc2VySUQiOiIxIiwiZXhwIjoxNzU1MTUxNTExLCJuYmYiOjE3NTUwNjUxMTEsImlhdCI6MTc1NTA2NTExMX0.imzjyq43dc4m3K73mj5XpMOHmjMUsuy8r-z616EFZVo") to a int: invalid syntax | Path: /api/student/post | Method: GET
2025/08/26 13:47:51 Error: sql: Scan error on column index 2, name "user_id": converting driver.Value type []uint8 ("eyJhbGciOiJIUzI1NiIsInR5cCI6IkpXVCJ9.eyJVc2VySUQiOiIxIiwiZXhwIjoxNzU1MTUxNTExLCJuYmYiOjE3NTUwNjUxMTEsImlhdCI6MTc1NTA2NTExMX0.imzjyq43dc4m3K73mj5XpMOHmjMUsuy8r-z616EFZVo") to a int: invalid syntax; sql: Scan error on column index 2, name "user_id": converting driver.Value type []uint8 ("eyJhbGciOiJIUzI1NiIsInR5cCI6IkpXVCJ9.eyJVc2VySUQiOiIxIiwiZXhwIjoxNzU1MTUxNTExLCJuYmYiOjE3NTUwNjUxMTEsImlhdCI6MTc1NTA2NTExMX0.imzjyq43dc4m3K73mj5XpMOHmjMUsuy8r-z616EFZVo") to a int: invalid syntax | Path: /api/student/post | Method: GET
2025/08/26 13:48:30 Error: sql: Scan error on column index 2, name "user_id": converting driver.Value type []uint8 ("eyJhbGciOiJIUzI1NiIsInR5cCI6IkpXVCJ9.eyJVc2VySUQiOiIxIiwiZXhwIjoxNzU1MTUxNTExLCJuYmYiOjE3NTUwNjUxMTEsImlhdCI6MTc1NTA2NTExMX0.imzjyq43dc4m3K73mj5XpMOHmjMUsuy8r-z616EFZVo") to a int: invalid syntax; sql: Scan error on column index 2, name "user_id": converting driver.Value type []uint8 ("eyJhbGciOiJIUzI1NiIsInR5cCI6IkpXVCJ9.eyJVc2VySUQiOiIxIiwiZXhwIjoxNzU1MTUxNTExLCJuYmYiOjE3NTUwNjUxMTEsImlhdCI6MTc1NTA2NTExMX0.imzjyq43dc4m3K73mj5XpMOHmjMUsuy8r-z616EFZVo") to a int: invalid syntax | Path: /api/student/post | Method: GET
2025/08/26 13:50:09 Error: sql: Scan error on column index 2, name "user_id": converting driver.Value type []uint8 ("eyJhbGciOiJIUzI1NiIsInR5cCI6IkpXVCJ9.eyJVc2VySUQiOiIxIiwiZXhwIjoxNzU1MTUxNTExLCJuYmYiOjE3NTUwNjUxMTEsImlhdCI6MTc1NTA2NTExMX0.imzjyq43dc4m3K73mj5XpMOHmjMUsuy8r-z616EFZVo") to a int: invalid syntax; sql: Scan error on column index 2, name "user_id": converting driver.Value type []uint8 ("eyJhbGciOiJIUzI1NiIsInR5cCI6IkpXVCJ9.eyJVc2VySUQiOiIxIiwiZXhwIjoxNzU1MTUxNTExLCJuYmYiOjE3NTUwNjUxMTEsImlhdCI6MTc1NTA2NTExMX0.imzjyq43dc4m3K73mj5XpMOHmjMUsuy8r-z616EFZVo") to a int: invalid syntax | Path: /api/student/post | Method: GET
2025/08/26 13:51:15 Error: sql: Scan error on column index 2, name "user_id": converting driver.Value type []uint8 ("eyJhbGciOiJIUzI1NiIsInR5cCI6IkpXVCJ9.eyJVc2VySUQiOiIxIiwiZXhwIjoxNzU1MTUxNTExLCJuYmYiOjE3NTUwNjUxMTEsImlhdCI6MTc1NTA2NTExMX0.imzjyq43dc4m3K73mj5XpMOHmjMUsuy8r-z616EFZVo") to a int: invalid syntax; sql: Scan error on column index 2, name "user_id": converting driver.Value type []uint8 ("eyJhbGciOiJIUzI1NiIsInR5cCI6IkpXVCJ9.eyJVc2VySUQiOiIxIiwiZXhwIjoxNzU1MTUxNTExLCJuYmYiOjE3NTUwNjUxMTEsImlhdCI6MTc1NTA2NTExMX0.imzjyq43dc4m3K73mj5XpMOHmjMUsuy8r-z616EFZVo") to a int: invalid syntax | Path: /api/student/post | Method: GET
2025/08/26 13:55:43 Error: sql: Scan error on column index 2, name "user_id": converting driver.Value type []uint8 ("eyJhbGciOiJIUzI1NiIsInR5cCI6IkpXVCJ9.eyJVc2VySUQiOiIxIiwiZXhwIjoxNzU1MTUxNTExLCJuYmYiOjE3NTUwNjUxMTEsImlhdCI6MTc1NTA2NTExMX0.imzjyq43dc4m3K73mj5XpMOHmjMUsuy8r-z616EFZVo") to a int: invalid syntax; sql: Scan error on column index 2, name "user_id": converting driver.Value type []uint8 ("eyJhbGciOiJIUzI1NiIsInR5cCI6IkpXVCJ9.eyJVc2VySUQiOiIxIiwiZXhwIjoxNzU1MTUxNTExLCJuYmYiOjE3NTUwNjUxMTEsImlhdCI6MTc1NTA2NTExMX0.imzjyq43dc4m3K73mj5XpMOHmjMUsuy8r-z616EFZVo") to a int: invalid syntax | Path: /api/student/post | Method: GET
2025/08/26 13:59:04 Error: sql: Scan error on column index 2, name "user_id": converting driver.Value type []uint8 ("eyJhbGciOiJIUzI1NiIsInR5cCI6IkpXVCJ9.eyJVc2VySUQiOiIxIiwiZXhwIjoxNzU1MTUxNTExLCJuYmYiOjE3NTUwNjUxMTEsImlhdCI6MTc1NTA2NTExMX0.imzjyq43dc4m3K73mj5XpMOHmjMUsuy8r-z616EFZVo") to a int: invalid syntax; sql: Scan error on column index 2, name "user_id": converting driver.Value type []uint8 ("eyJhbGciOiJIUzI1NiIsInR5cCI6IkpXVCJ9.eyJVc2VySUQiOiIxIiwiZXhwIjoxNzU1MTUxNTExLCJuYmYiOjE3NTUwNjUxMTEsImlhdCI6MTc1NTA2NTExMX0.imzjyq43dc4m3K73mj5XpMOHmjMUsuy8r-z616EFZVo") to a int: invalid syntax | Path: /api/student/post | Method: GET
2025/08/26 14:00:17 Error: token is unverifiable | Path: /api/student/likes | Method: POST
2025/08/26 14:00:28 Error: token is unverifiable | Path: /api/student/report-post | Method: POST
2025/08/26 14:00:31 Error: token is unverifiable | Path: /api/student/report-post | Method: POST
2025/08/29 22:06:57 Error: unsupported data type: 0xc0003924f8: Table not set, please set it like: db.Model(&user) or db.Table("users") | Path: /api/student/likes | Method: POST
2025/08/29 22:09:32 Error: unsupported data type: 0xc000200ba8: Table not set, please set it like: db.Model(&user) or db.Table("users") | Path: /api/student/likes | Method: POST
2025/08/29 22:12:38 Error: ERR wrong number of arguments for 'auth' command | Path: /api/student/likes | Method: POST
2025/08/29 22:13:05 Error: ERR wrong number of arguments for 'auth' command | Path: /api/student/likes | Method: POST
2025/08/29 22:13:31 Error: ERR wrong number of arguments for 'auth' command | Path: /api/student/likes | Method: POST
2025/08/29 22:13:44 Error: ERR wrong number of arguments for 'auth' command | Path: /api/student/likes | Method: POST
2025/08/29 22:15:59 Error: ERR wrong number of arguments for 'auth' command | Path: /api/student/likes | Method: POST
2025/08/29 22:20:26 Error: ERR wrong number of arguments for 'auth' command | Path: /api/student/likes | Method: POST
2025/08/29 23:02:35 http server failed: listen tcp 127.0.0.1:8080: bind: Only one usage of each socket address (protocol/network address/port) is normally permitted.
2025/09/02 11:48:20 Error: record not found | Path: /api/student/likes | Method: GET
2025/09/02 11:53:14 Path: /api/user/login | Method: POST
2025/09/05 16:13:42 Error: record not found | Path: /api/user/login | Method: POST
2025/09/05 16:15:05 Error: record not found | Path: /api/user/login | Method: POST
2025/09/05 16:17:28 Error: record not found | Path: /api/user/login | Method: POST
2025/09/05 16:17:32 Error: record not found | Path: /api/user/login | Method: POST
2025/09/05 16:17:35 Error: record not found | Path: /api/user/login | Method: POST
2025/09/06 10:05:54 Error: json: cannot unmarshal string into Go struct field UserForm.user_type of type int | Path: /api/user/reg | Method: POST
2025/09/06 10:06:02 Error: json: cannot unmarshal string into Go struct field UserForm.user_type of type int | Path: /api/user/reg | Method: POST
2025/09/06 10:10:02 Error: Error 1062 (23000): Duplicate entry '123' for key 'user_forms.uni_user_forms_username' | Path: /api/user/reg | Method: POST
2025/09/06 10:12:01 Path: /api/user/reg | Method: POST
2025/09/06 10:12:01 Error: Error 1062 (23000): Duplicate entry '1234' for key 'user_forms.uni_user_forms_username' | Path: /api/user/reg | Method: POST
2025/09/06 10:12:17 Error: Error 1062 (23000): Duplicate entry '1234' for key 'user_forms.uni_user_forms_username' | Path: /api/user/reg | Method: POST
2025/09/06 10:13:03 Error: Key: 'UserForm.Password' Error:Field validation for 'Password' failed on the 'min' tag | Path: /api/user/reg | Method: POST
2025/09/06 10:13:33 Error: Error 1062 (23000): Duplicate entry '1234' for key 'user_forms.uni_user_forms_username' | Path: /api/user/reg | Method: POST
2025/09/06 10:14:14 Path: /api/user/reg | Method: POST
2025/09/06 10:14:17 Error: Error 1062 (23000): Duplicate entry '12345' for key 'user_forms.uni_user_forms_username' | Path: /api/user/reg | Method: POST
2025/09/06 10:16:40 Path: /api/user/reg | Method: POST
2025/09/06 10:16:43 Error: Error 1062 (23000): Duplicate entry '111' for key 'user_forms.uni_user_forms_username' | Path: /api/user/reg | Method: POST
2025/09/06 10:17:12 Path: /api/user/reg | Method: POST
2025/09/06 10:18:45 Path: /api/user/reg | Method: POST
2025/09/06 10:19:46 Path: /api/user/login | Method: POST
2025/09/06 10:19:48 Path: /api/student/post | Method: GET
2025/09/06 10:20:05 Path: /api/student/likes | Method: POST
2025/09/06 10:20:05 Path: /api/student/likes | Method: GET
2025/09/06 10:20:06 Path: /api/student/likes | Method: POST
2025/09/06 10:20:06 Path: /api/student/likes | Method: GET
2025/09/06 10:20:30 Path: /api/student/post | Method: DELETE
2025/09/06 10:20:30 Path: /api/student/post | Method: GET
2025/09/06 10:21:04 Path: /api/student/post | Method: PUT
2025/09/06 10:21:04 Path: /api/student/post | Method: GET
2025/09/06 10:21:45 Path: /api/admin/report | Method: GET
2025/09/06 10:22:02 Path: /api/student/post | Method: GET
2025/09/06 10:22:29 Path: /api/admin/report | Method: GET
2025/09/06 10:22:44 Path: /api/student/post | Method: GET
2025/09/06 10:27:10 Path: /api/user/login | Method: POST
2025/09/06 10:27:12 Path: /api/student/post | Method: GET
2025/09/06 10:55:08 Path: /api/user/reg | Method: POST
2025/09/06 10:55:32 Path: /api/user/login | Method: POST
2025/09/06 10:55:34 Path: /api/student/post | Method: GET
2025/09/06 10:55:36 Path: /api/admin/report | Method: GET
2025/09/06 10:55:38 Path: /api/student/post | Method: GET
2025/09/06 10:55:39 Path: /api/admin/report | Method: GET
2025/09/06 14:09:15 Path: /api/user/reg | Method: POST
2025/09/06 14:09:26 Path: /api/user/login | Method: POST
2025/09/06 14:09:28 Path: /api/student/post | Method: GET
2025/09/06 14:10:17 Path: /api/student/post | Method: POST
2025/09/06 14:10:17 Path: /api/student/post | Method: GET
2025/09/06 14:10:34 Path: /api/student/post | Method: POST
2025/09/06 14:10:34 Path: /api/student/post | Method: GET
2025/09/06 14:10:43 Path: /api/student/post | Method: DELETE
2025/09/06 14:10:43 Path: /api/student/post | Method: GET
2025/09/06 14:10:58 Path: /api/student/report-post | Method: POST
2025/09/06 14:11:04 Path: /api/student/report-post | Method: GET
2025/09/06 14:11:12 Path: /api/student/post | Method: GET
2025/09/06 14:11:42 Path: /api/student/post | Method: PUT
2025/09/06 14:11:42 Path: /api/student/post | Method: GET
2025/09/06 14:11:54 Path: /api/student/likes | Method: POST
2025/09/06 14:11:54 Path: /api/student/likes | Method: GET
2025/09/06 14:11:55 Path: /api/student/likes | Method: POST
2025/09/06 14:11:55 Path: /api/student/likes | Method: GET
2025/09/06 14:11:56 Path: /api/student/likes | Method: POST
2025/09/06 14:11:56 Path: /api/student/likes | Method: GET
2025/09/06 14:11:56 Path: /api/student/likes | Method: POST
2025/09/06 14:11:57 Path: /api/student/likes | Method: GET
2025/09/06 14:11:57 Path: /api/student/likes | Method: POST
2025/09/06 14:11:58 Path: /api/student/likes | Method: GET
2025/09/06 14:11:58 Path: /api/student/likes | Method: POST
2025/09/06 14:11:58 Path: /api/student/likes | Method: GET
2025/09/06 14:12:16 Path: /api/user/login | Method: POST
2025/09/06 14:12:18 Path: /api/student/post | Method: GET
2025/09/06 14:12:21 Path: /api/admin/report | Method: GET
2025/09/06 14:12:39 Path: /api/admin/report | Method: POST
2025/09/06 14:12:41 Path: /api/admin/report | Method: GET
2025/09/06 14:12:43 Path: /api/student/post | Method: GET
2025/09/06 14:12:46 Path: /api/admin/report | Method: GET
2025/09/06 14:12:47 Path: /api/admin/report | Method: POST
2025/09/06 14:12:49 Path: /api/admin/report | Method: GET
2025/09/06 14:12:50 Path: /api/student/post | Method: GET
2025/09/06 14:39:44 Path: /api/user/login | Method: POST
2025/09/06 14:39:46 Path: /api/student/post | Method: GET
2025/09/06 14:40:59 Path: /api/student/likes | Method: POST
2025/09/06 14:40:59 Path: /api/student/likes | Method: GET
2025/09/06 14:40:59 Path: /api/student/likes | Method: POST
2025/09/06 14:41:00 Path: /api/student/likes | Method: GET
2025/09/06 14:42:47 Path: /api/student/likes | Method: POST
2025/09/06 14:42:47 Path: /api/student/likes | Method: GET
2025/09/06 14:42:48 Path: /api/student/likes | Method: POST
2025/09/06 14:42:48 Path: /api/student/likes | Method: GET
2025/09/06 14:42:49 Path: /api/student/likes | Method: POST
2025/09/06 14:42:50 Path: /api/student/likes | Method: GET
2025/09/06 14:42:50 Path: /api/student/likes | Method: POST
2025/09/06 14:42:51 Path: /api/student/likes | Method: GET
2025/09/06 14:43:09 Path: /api/student/report-post | Method: POST
2025/09/06 14:43:10 Path: /api/admin/report | Method: GET
2025/09/06 14:43:13 Path: /api/admin/report | Method: POST
2025/09/06 14:43:14 Path: /api/admin/report | Method: GET
2025/09/06 14:43:15 Path: /api/student/post | Method: GET
2025/09/06 14:58:22 Path: /api/user/login | Method: POST
2025/09/06 14:58:24 Path: /api/student/post | Method: GET
2025/09/06 14:59:15 Path: /api/student/likes | Method: POST
2025/09/06 14:59:15 Path: /api/student/likes | Method: GET
2025/09/06 14:59:16 Path: /api/student/likes | Method: POST
2025/09/06 14:59:16 Path: /api/student/likes | Method: GET
2025/09/06 14:59:17 Path: /api/student/likes | Method: POST
2025/09/06 14:59:17 Path: /api/student/likes | Method: GET
2025/09/06 14:59:18 Path: /api/student/likes | Method: POST
2025/09/06 14:59:18 Path: /api/student/likes | Method: GET
2025/09/06 14:59:19 Path: /api/student/likes | Method: POST
2025/09/06 14:59:19 Path: /api/student/likes | Method: GET
2025/09/06 14:59:20 Path: /api/student/likes | Method: POST
2025/09/06 14:59:20 Path: /api/student/likes | Method: GET
2025/09/06 14:59:21 Path: /api/student/likes | Method: POST
2025/09/06 14:59:21 Path: /api/student/likes | Method: GET
2025/09/06 14:59:22 Path: /api/student/likes | Method: POST
2025/09/06 14:59:22 Path: /api/student/likes | Method: GET
2025/09/06 15:00:04 Path: /api/admin/report | Method: GET
2025/09/06 15:00:05 Path: /api/student/post | Method: GET
2025/09/06 15:00:06 Path: /api/admin/report | Method: GET
2025/09/06 15:00:07 Path: /api/student/post | Method: GET
2025/09/06 15:24:13 Path: /api/user/login | Method: POST
2025/09/06 15:24:16 Path: /api/student/post | Method: GET
2025/09/06 15:24:27 Path: /api/student/report-post | Method: POST
2025/09/06 15:24:30 Path: /api/admin/report | Method: GET
2025/09/06 15:24:32 Path: /api/student/post | Method: GET
2025/09/06 15:24:37 Path: /api/student/likes | Method: POST
2025/09/06 15:24:37 Path: /api/student/likes | Method: GET
2025/09/06 15:24:44 Path: /api/user/login | Method: POST
2025/09/06 15:24:46 Path: /api/student/post | Method: GET
2025/09/06 15:24:49 Path: /api/student/report-post | Method: GET
2025/09/06 15:25:13 Path: /api/student/post | Method: GET
2025/09/06 15:28:03 Path: /api/student/likes | Method: POST
2025/09/06 15:28:03 Path: /api/student/likes | Method: GET
2025/09/06 15:28:05 Path: /api/student/likes | Method: POST
2025/09/06 15:28:06 Path: /api/student/likes | Method: GET
2025/09/06 15:28:06 Path: /api/student/likes | Method: POST
2025/09/06 15:28:06 Path: /api/student/likes | Method: GET
2025/09/06 15:28:18 Path: /api/student/report-post | Method: GET
2025/09/06 15:28:20 Path: /api/student/post | Method: GET
2025/09/06 15:28:42 Path: /api/student/report-post | Method: GET
2025/09/06 15:28:57 Path: /api/student/post | Method: GET
2025/09/06 15:28:58 Path: /api/student/report-post | Method: GET
2025/09/06 19:14:00 Path: /api/user/login | Method: POST
2025/09/06 19:14:02 Path: /api/student/post | Method: GET
2025/09/06 19:18:22 Path: /api/student/likes | Method: POST
2025/09/06 19:18:22 Path: /api/student/likes | Method: GET
2025/09/06 19:18:23 Path: /api/student/likes | Method: POST
2025/09/06 19:18:23 Path: /api/student/likes | Method: GET
2025/09/07 20:09:58 Path: /api/user/login | Method: POST
2025/09/07 20:10:00 Path: /api/student/post | Method: GET
2025/09/07 20:10:03 Path: /api/student/likes | Method: POST
2025/09/07 20:10:03 Path: /api/student/likes | Method: GET
2025/09/07 20:10:04 Path: /api/student/likes | Method: POST
2025/09/07 20:10:05 Path: /api/student/likes | Method: GET
2025/09/07 20:10:05 Path: /api/student/likes | Method: POST
2025/09/07 20:10:05 Path: /api/student/likes | Method: GET
2025/09/07 20:10:06 Path: /api/student/likes | Method: POST
2025/09/07 20:10:06 Path: /api/student/likes | Method: GET
2025/09/07 20:10:08 Path: /api/student/likes | Method: POST
2025/09/07 20:10:08 Path: /api/student/likes | Method: GET
2025/09/07 20:10:08 Path: /api/student/likes | Method: POST
2025/09/07 20:10:09 Path: /api/student/likes | Method: GET
2025/09/07 20:27:25 Path: /api/user/login | Method: POST
2025/09/07 20:27:28 Path: /api/student/post | Method: GET
2025/09/07 20:28:03 Path: /api/student/post | Method: GET
2025/09/07 20:28:24 Path: /api/student/post | Method: GET
2025/09/07 20:29:10 Path: /api/student/post | Method: GET
2025/09/07 20:29:12 Path: /api/student/post | Method: GET
2025/09/07 20:29:14 Path: /api/student/post | Method: GET
2025/09/07 20:29:20 Path: /api/student/post | Method: GET
2025/09/07 20:29:23 Path: /api/student/post | Method: GET
2025/09/07 20:29:49 Path: /api/student/post | Method: POST
2025/09/07 20:29:49 Path: /api/student/post | Method: GET
2025/09/07 20:29:54 Path: /api/student/post | Method: DELETE
2025/09/07 20:29:54 Path: /api/student/post | Method: GET
2025/09/07 20:35:18 Path: /api/student/post | Method: GET
2025/09/07 20:43:03 Path: /api/student/post | Method: GET
2025/09/07 21:16:13 Path: /api/user/login | Method: POST
2025/09/07 21:16:15 Path: /api/student/post | Method: GET
2025/09/07 21:16:21 Path: /api/admin/report | Method: GET
2025/09/07 21:16:21 Path: /api/student/post | Method: GET
2025/09/07 21:16:23 Path: /api/admin/report | Method: GET
2025/09/07 21:16:24 Path: /api/student/post | Method: GET
2025/09/07 21:16:24 Path: /api/admin/report | Method: GET
2025/09/07 21:16:26 Path: /api/student/post | Method: GET
2025/09/07 21:16:33 Path: /api/user/login | Method: POST
2025/09/07 21:16:35 Path: /api/student/post | Method: GET
2025/09/07 21:16:40 Path: /api/student/likes | Method: POST
2025/09/07 21:16:40 Path: /api/student/likes | Method: GET
2025/09/07 21:16:41 Path: /api/student/likes | Method: POST
2025/09/07 21:16:41 Path: /api/student/likes | Method: POST
2025/09/07 21:16:41 Path: /api/student/likes | Method: POST
2025/09/07 21:16:41 Path: /api/student/likes | Method: GET
2025/09/07 21:16:41 Path: /api/student/likes | Method: POST
2025/09/07 21:16:41 Path: /api/student/likes | Method: GET
2025/09/07 21:16:41 Path: /api/student/likes | Method: GET
2025/09/07 21:16:41 Path: /api/student/likes | Method: GET
2025/09/07 21:18:20 Path: /api/user/login | Method: POST
2025/09/07 21:18:22 Path: /api/student/post | Method: GET
2025/09/07 21:18:24 Path: /api/student/likes | Method: POST
2025/09/07 21:18:24 Path: /api/student/likes | Method: POST
2025/09/07 21:18:24 Path: /api/student/likes | Method: GET
2025/09/07 21:18:24 Path: /api/student/likes | Method: POST
2025/09/07 21:18:24 Path: /api/student/likes | Method: GET
2025/09/07 21:18:24 Path: /api/student/likes | Method: POST
2025/09/07 21:18:25 Path: /api/student/likes | Method: GET
2025/09/07 21:18:25 Path: /api/student/likes | Method: GET
2025/09/07 21:18:47 Path: /api/student/likes | Method: POST
2025/09/07 21:18:47 Path: /api/student/likes | Method: POST
2025/09/07 21:18:47 Path: /api/student/likes | Method: GET
2025/09/07 21:18:47 Path: /api/student/likes | Method: POST
2025/09/07 21:18:47 Path: /api/student/likes | Method: GET
2025/09/07 21:18:47 Path: /api/student/likes | Method: POST
2025/09/07 21:18:47 Path: /api/student/likes | Method: GET
2025/09/07 21:18:48 Path: /api/student/likes | Method: GET
2025/09/07 21:18:50 Path: /api/student/likes | Method: POST
2025/09/07 21:18:50 Path: /api/student/likes | Method: GET
2025/09/07 21:18:50 Path: /api/student/likes | Method: POST
2025/09/07 21:18:50 Path: /api/student/likes | Method: POST
2025/09/07 21:18:50 Path: /api/student/likes | Method: GET
2025/09/07 21:18:50 Path: /api/student/likes | Method: POST
2025/09/07 21:18:51 Path: /api/student/likes | Method: GET
2025/09/07 21:18:51 Path: /api/student/likes | Method: POST
2025/09/07 21:18:51 Path: /api/student/likes | Method: GET
2025/09/07 21:18:51 Path: /api/student/likes | Method: POST
2025/09/07 21:18:51 Path: /api/student/likes | Method: GET
2025/09/07 21:18:51 Path: /api/student/likes | Method: POST
2025/09/07 21:18:51 Path: /api/student/likes | Method: GET
2025/09/07 21:18:51 Path: /api/student/likes | Method: GET
2025/09/07 21:18:51 Path: /api/student/likes | Method: POST
2025/09/07 21:18:51 Path: /api/student/likes | Method: POST
2025/09/07 21:18:51 Path: /api/student/likes | Method: GET
2025/09/07 21:18:51 Path: /api/student/likes | Method: GET
2025/09/07 21:19:02 Path: /api/student/likes | Method: POST
2025/09/07 21:19:03 Path: /api/student/likes | Method: GET
2025/09/07 21:19:04 Path: /api/student/likes | Method: POST
2025/09/07 21:19:05 Path: /api/student/likes | Method: GET
2025/09/07 21:19:07 Path: /api/student/likes | Method: POST
2025/09/07 21:19:07 Path: /api/student/likes | Method: GET
2025/09/07 21:19:14 Path: /api/student/likes | Method: POST
2025/09/07 21:19:14 Path: /api/student/likes | Method: GET
2025/09/07 21:19:19 Path: /api/student/likes | Method: POST
2025/09/07 21:19:20 Path: /api/student/likes | Method: GET
2025/09/07 21:19:23 Path: /api/student/likes | Method: POST
2025/09/07 21:19:24 Path: /api/student/likes | Method: POST
2025/09/07 21:19:24 Path: /api/student/likes | Method: GET
2025/09/07 21:19:26 Path: /api/student/likes | Method: POST
2025/09/07 21:19:26 Path: /api/student/likes | Method: GET
2025/09/07 21:19:27 Path: /api/student/likes | Method: POST
2025/09/07 21:19:27 Path: /api/student/likes | Method: GET
2025/09/07 21:19:28 Path: /api/student/likes | Method: POST
2025/09/07 21:19:29 Path: /api/student/likes | Method: GET
2025/09/07 21:19:29 Path: /api/student/likes | Method: POST
2025/09/07 21:19:29 Path: /api/student/likes | Method: POST
2025/09/07 21:19:29 Path: /api/student/likes | Method: POST
2025/09/07 21:19:29 Path: /api/student/likes | Method: GET
2025/09/07 21:19:29 Path: /api/student/likes | Method: GET
2025/09/07 21:19:29 Path: /api/student/likes | Method: GET
2025/09/07 21:19:37 Path: /api/student/post | Method: GET
2025/09/07 21:19:41 Path: /api/student/likes | Method: POST
2025/09/07 21:19:41 Path: /api/student/likes | Method: GET
2025/09/07 21:19:45 Path: /api/student/likes | Method: POST
2025/09/07 21:19:45 Path: /api/student/likes | Method: GET
2025/09/07 21:19:46 Path: /api/student/likes | Method: POST
2025/09/07 21:19:47 Path: /api/student/likes | Method: GET
2025/09/07 21:19:49 Path: /api/student/likes | Method: POST
2025/09/07 21:19:49 Path: /api/student/likes | Method: GET
2025/09/07 21:20:08 Path: /api/student/post | Method: GET
2025/09/07 21:22:09 Path: /api/student/post | Method: GET
2025/09/07 21:22:12 Path: /api/student/post | Method: GET
2025/09/07 21:22:21 Path: /api/student/post | Method: GET
2025/09/07 21:26:22 Path: /api/user/login | Method: POST
2025/09/07 21:26:22 Path: /api/user/login | Method: POST
2025/09/07 21:26:22 Path: /api/user/login | Method: POST
2025/09/07 21:26:22 Path: /api/student/post | Method: GET
2025/09/07 21:26:50 Path: /api/user/login | Method: POST
2025/09/07 21:26:50 Path: /api/student/post | Method: GET
2025/09/07 21:30:06 Path: /api/admin/report | Method: GET
2025/09/07 21:30:07 Path: /api/student/post | Method: GET
2025/09/07 21:30:07 Path: /api/admin/report | Method: GET
2025/09/07 21:30:08 Path: /api/student/post | Method: GET
2025/09/07 21:30:09 Path: /api/admin/report | Method: GET
2025/09/07 21:30:11 Path: /api/admin/report | Method: POST
2025/09/07 21:30:12 Path: /api/admin/report | Method: GET
2025/09/07 21:30:13 Path: /api/admin/report | Method: POST
2025/09/07 21:30:14 Path: /api/admin/report | Method: GET
2025/09/07 21:30:26 Path: /api/user/login | Method: POST
2025/09/07 21:30:26 Path: /api/student/post | Method: GET
2025/09/07 21:30:28 Path: /api/admin/report | Method: GET
2025/09/07 21:30:28 Path: /api/admin/report | Method: POST
2025/09/07 21:30:29 Path: /api/admin/report | Method: GET
2025/09/07 21:30:32 Path: /api/admin/report | Method: POST
2025/09/07 21:30:33 Path: /api/admin/report | Method: GET
2025/09/07 21:30:41 Path: /api/student/post | Method: GET
2025/09/07 21:32:44 Path: /api/student/post | Method: GET
2025/09/07 21:32:47 Path: /api/student/post | Method: GET
2025/09/07 21:52:37 Path: /api/user/login | Method: POST
2025/09/07 21:52:38 Path: /api/student/post | Method: GET
2025/09/07 21:52:39 Path: /api/student/post | Method: GET
2025/09/07 21:52:40 Path: /api/student/post | Method: GET
2025/09/07 21:52:46 Path: /api/student/post | Method: GET
2025/09/07 21:52:46 Path: /api/student/post | Method: GET
2025/09/07 21:52:57 Path: /api/student/post | Method: GET
2025/09/07 21:52:57 Path: /api/student/post | Method: GET
2025/09/07 22:31:28 Path: /api/student/post | Method: GET
2025/09/07 22:32:04 Path: /api/admin/report | Method: GET
2025/09/07 22:32:06 Path: /api/student/post | Method: GET
2025/09/08 08:51:08 Path: /api/user/login | Method: POST
2025/09/08 08:51:08 Path: /api/student/post | Method: GET
2025/09/08 08:51:14 Path: /api/admin/report | Method: GET
2025/09/08 08:51:17 Path: /api/student/post | Method: GET
2025/09/08 08:51:20 Path: /api/student/report-post | Method: POST
2025/09/08 08:51:21 Path: /api/admin/report | Method: GET
2025/09/08 08:51:26 Path: /api/user/login | Method: POST
2025/09/08 08:51:26 Path: /api/student/post | Method: GET
2025/09/08 08:51:28 Path: /api/student/post | Method: GET
2025/09/08 08:51:30 Error: json: cannot unmarshal string into Go struct field LikesForm.user_id of type int | Path: /api/student/likes | Method: POST
2025/09/08 08:51:34 Error: json: cannot unmarshal string into Go struct field LikesForm.user_id of type int | Path: /api/student/likes | Method: POST
2025/09/08 08:51:37 Path: /api/student/post | Method: GET
2025/09/08 08:51:38 Error: json: cannot unmarshal string into Go struct field LikesForm.user_id of type int | Path: /api/student/likes | Method: POST
2025/09/08 08:51:41 Error: json: cannot unmarshal string into Go struct field LikesForm.user_id of type int | Path: /api/student/likes | Method: POST
2025/09/08 08:51:48 Path: /api/user/login | Method: POST
2025/09/08 08:51:48 Path: /api/student/post | Method: GET
2025/09/08 08:51:49 Path: /api/student/likes | Method: POST
2025/09/08 08:51:49 Path: /api/student/likes | Method: GET
2025/09/08 08:51:50 Path: /api/student/likes | Method: POST
2025/09/08 08:51:50 Path: /api/student/likes | Method: GET
2025/09/08 08:51:52 Path: /api/student/post | Method: GET
2025/09/08 08:51:52 Error: json: cannot unmarshal string into Go struct field LikesForm.user_id of type int | Path: /api/student/likes | Method: POST
2025/09/08 08:53:23 Error: json: cannot unmarshal string into Go struct field LikesForm.user_id of type int | Path: /api/student/likes | Method: POST
2025/09/08 08:54:14 Path: /api/student/post | Method: GET
2025/09/08 08:54:16 Path: /api/student/likes | Method: POST
2025/09/08 08:54:16 Path: /api/student/likes | Method: GET
2025/09/08 08:54:16 Path: /api/student/likes | Method: POST
2025/09/08 08:54:16 Path: /api/student/likes | Method: GET
2025/09/08 08:54:17 Path: /api/student/likes | Method: POST
2025/09/08 08:54:17 Path: /api/student/likes | Method: GET
2025/09/08 08:54:18 Path: /api/student/likes | Method: POST
2025/09/08 08:54:18 Path: /api/student/likes | Method: GET
2025/09/08 08:54:20 Path: /api/student/post | Method: GET
2025/09/08 08:54:21 Path: /api/student/likes | Method: POST
2025/09/08 08:54:21 Path: /api/student/likes | Method: GET
2025/09/08 08:54:22 Path: /api/student/likes | Method: POST
2025/09/08 08:54:22 Path: /api/student/likes | Method: GET
2025/09/08 09:01:20 Path: /api/student/likes | Method: POST
2025/09/08 09:01:20 Path: /api/student/likes | Method: GET
2025/09/08 09:01:20 Path: /api/student/likes | Method: POST
2025/09/08 09:01:20 Path: /api/student/likes | Method: GET
2025/09/08 09:01:26 Path: /api/student/post | Method: PUT
2025/09/08 09:01:26 Path: /api/student/post | Method: GET
2025/09/08 09:01:30 Path: /api/student/report-post | Method: POST
2025/09/08 09:04:07 Path: /api/admin/report | Method: GET
2025/09/08 09:04:09 Path: /api/admin/report | Method: POST
2025/09/08 09:04:10 Path: /api/admin/report | Method: GET
2025/09/08 09:04:16 Path: /api/admin/report | Method: GET
2025/09/08 09:04:17 Path: /api/admin/report | Method: POST
2025/09/08 09:04:18 Path: /api/admin/report | Method: GET
2025/09/08 09:04:23 Path: /api/student/post | Method: GET
2025/09/08 09:04:24 Path: /api/admin/report | Method: GET
2025/09/08 09:04:28 Path: /api/student/post | Method: GET
2025/09/08 09:04:44 Path: /api/admin/report | Method: GET
2025/09/08 09:04:45 Path: /api/student/post | Method: GET
2025/09/08 09:04:49 Path: /api/student/report-post | Method: POST
2025/09/08 09:04:50 Path: /api/admin/report | Method: GET
2025/09/08 09:04:55 Path: /api/admin/report | Method: POST
2025/09/08 09:04:56 Path: /api/admin/report | Method: GET
2025/09/08 09:05:01 Path: /api/student/post | Method: GET
2025/09/08 09:05:02 Path: /api/admin/report | Method: GET
2025/09/08 09:05:03 Path: /api/student/post | Method: GET
2025/09/08 09:06:44 Path: /api/student/post | Method: GET
2025/09/08 09:06:56 Path: /api/admin/report | Method: GET
2025/09/08 09:06:58 Path: /api/student/post | Method: GET
2025/09/08 09:22:16 Path: /api/student/likes | Method: POST
2025/09/08 09:22:17 Path: /api/student/likes | Method: GET
2025/09/08 09:22:17 Path: /api/student/likes | Method: POST
2025/09/08 09:22:17 Path: /api/student/likes | Method: GET
2025/09/08 09:22:18 Path: /api/student/likes | Method: POST
2025/09/08 09:22:18 Path: /api/student/likes | Method: GET
2025/09/08 09:22:20 Path: /api/student/likes | Method: POST
2025/09/08 09:22:21 Path: /api/student/likes | Method: GET
2025/09/12 19:02:46 Error: token has invalid claims: token is expired | Path: /api/student/post | Method: GET
2025/09/12 19:03:00 Error: token has invalid claims: token is expired | Path: /api/student/post | Method: GET
2025/09/12 19:06:02 Error: token has invalid claims: token is expired | Path: /api/student/post | Method: GET
2025/09/12 19:06:36 Error: token is unverifiable | Path: /api/student/post | Method: POST
2025/09/12 19:07:28 Path: /api/user/login | Method: POST
2025/09/12 19:07:28 Path: /api/student/post | Method: GET
2025/09/12 19:07:53 Path: /api/student/likes | Method: POST
2025/09/12 19:07:53 Path: /api/student/likes | Method: GET
2025/09/12 19:07:54 Path: /api/student/likes | Method: POST
2025/09/12 19:07:54 Path: /api/student/likes | Method: GET
2025/09/12 19:08:40 Path: /api/user/login | Method: POST
2025/09/12 19:08:41 Error: token has invalid claims: token is expired | Path: /api/student/post | Method: GET
2025/09/12 19:08:45 Error: token has invalid claims: token is expired | Path: /api/student/post | Method: GET
2025/09/12 19:09:13 Error: token has invalid claims: token is expired | Path: /api/student/post | Method: GET
2025/09/12 19:10:20 Error: token has invalid claims: token is expired | Path: /api/student/post | Method: GET
2025/09/12 19:10:22 Error: token has invalid claims: token is expired | Path: /api/student/post | Method: GET
2025/09/12 19:10:25 Error: token has invalid claims: token is expired | Path: /api/student/post | Method: GET
2025/09/12 19:10:38 Error: token has invalid claims: token is expired | Path: /api/student/post | Method: GET
2025/09/12 19:10:55 Error: token has invalid claims: token is expired | Path: /api/student/post | Method: GET
2025/09/12 19:11:08 Error: token has invalid claims: token is expired | Path: /api/student/post | Method: GET
2025/09/12 19:11:57 Error: token has invalid claims: token is expired | Path: /api/student/post | Method: GET
2025/09/12 19:11:59 Error: token has invalid claims: token is expired | Path: /api/student/post | Method: GET
2025/09/12 19:12:20 Error: token has invalid claims: token is expired | Path: /api/student/post | Method: GET
2025/09/12 19:12:26 Error: token has invalid claims: token is expired | Path: /api/student/post | Method: GET
2025/09/12 19:12:43 Error: token has invalid claims: token is expired | Path: /api/student/post | Method: GET
2025/09/12 19:15:59 Error: token has invalid claims: token is expired | Path: /api/student/post | Method: GET
2025/09/12 19:16:04 Error: token has invalid claims: token is expired | Path: /api/student/post | Method: GET
2025/09/12 19:16:29 Error: token has invalid claims: token is expired | Path: /api/student/post | Method: GET
2025/09/12 19:16:33 Error: token has invalid claims: token is expired | Path: /api/student/post | Method: GET
2025/09/12 19:16:52 Error: token has invalid claims: token is expired | Path: /api/student/post | Method: GET
2025/09/12 19:16:56 Error: token has invalid claims: token is expired | Path: /api/student/post | Method: GET
2025/09/12 19:17:19 Error: token has invalid claims: token is expired | Path: /api/student/post | Method: GET
2025/09/12 19:17:35 Error: token has invalid claims: token is expired | Path: /api/student/post | Method: GET
2025/09/12 19:17:40 Error: token has invalid claims: token is expired | Path: /api/student/post | Method: GET
2025/09/12 19:17:46 Error: token has invalid claims: token is expired | Path: /api/student/post | Method: GET
2025/09/12 19:17:56 Error: token has invalid claims: token is expired | Path: /api/student/post | Method: GET
2025/09/12 19:18:03 Error: token has invalid claims: token is expired | Path: /api/student/post | Method: GET
2025/09/12 19:18:08 Error: token has invalid claims: token is expired | Path: /api/student/post | Method: GET
2025/09/12 19:18:14 Error: token has invalid claims: token is expired | Path: /api/student/post | Method: GET
2025/09/12 19:18:20 Error: token has invalid claims: token is expired | Path: /api/student/post | Method: GET
2025/09/12 19:18:22 Error: token has invalid claims: token is expired | Path: /api/student/post | Method: GET
2025/09/12 19:18:25 Error: token has invalid claims: token is expired | Path: /api/student/post | Method: GET
2025/09/12 19:18:31 Error: token has invalid claims: token is expired | Path: /api/student/post | Method: GET
2025/09/12 19:18:37 Error: token has invalid claims: token is expired | Path: /api/student/post | Method: GET
2025/09/12 19:18:56 Error: token has invalid claims: token is expired | Path: /api/student/post | Method: GET
2025/09/12 19:19:03 Error: token has invalid claims: token is expired | Path: /api/student/post | Method: GET
2025/09/12 19:19:09 Error: token has invalid claims: token is expired | Path: /api/student/post | Method: GET
2025/09/12 19:19:13 Error: token has invalid claims: token is expired | Path: /api/student/post | Method: GET
2025/09/12 19:19:20 Error: token has invalid claims: token is expired | Path: /api/student/post | Method: GET
2025/09/12 19:19:26 Error: token has invalid claims: token is expired | Path: /api/student/post | Method: GET
2025/09/12 19:19:30 Error: token has invalid claims: token is expired | Path: /api/student/post | Method: GET
2025/09/12 19:19:34 Error: token has invalid claims: token is expired | Path: /api/student/post | Method: GET
2025/09/12 19:19:41 Error: token is unverifiable | Path: /api/student/post | Method: POST
2025/09/12 19:23:05 Error: token has invalid claims: token is expired | Path: /api/student/post | Method: GET
2025/09/12 19:38:25 Error: token has invalid claims: token is expired | Path: /api/student/post | Method: GET
2025/09/12 19:38:36 Error: token has invalid claims: token is expired | Path: /api/student/post | Method: GET
2025/09/12 19:39:05 Error: token has invalid claims: token is expired | Path: /api/student/post | Method: GET
